c:\users\ivan\documents\uad\kraengine\intermediates\krautilities\x86\debug\vc141.pdb
c:\users\ivan\documents\uad\kraengine\intermediates\krautilities\x86\debug\vc141.idb
c:\users\ivan\documents\uad\kraengine\intermediates\krautilities\x86\debug\source.obj
c:\users\ivan\documents\uad\kraengine\intermediates\krautilities\x86\debug\krawindowsmath.obj
c:\users\ivan\documents\uad\kraengine\intermediates\krautilities\x86\debug\kravector4.obj
c:\users\ivan\documents\uad\kraengine\intermediates\krautilities\x86\debug\kravector3.obj
c:\users\ivan\documents\uad\kraengine\intermediates\krautilities\x86\debug\kravector2.obj
c:\users\ivan\documents\uad\kraengine\intermediates\krautilities\x86\debug\kratriangle.obj
c:\users\ivan\documents\uad\kraengine\intermediates\krautilities\x86\debug\krasphere.obj
c:\users\ivan\documents\uad\kraengine\intermediates\krautilities\x86\debug\kraray.obj
c:\users\ivan\documents\uad\kraengine\intermediates\krautilities\x86\debug\kraplatformmath.obj
c:\users\ivan\documents\uad\kraengine\intermediates\krautilities\x86\debug\kraoobb.obj
c:\users\ivan\documents\uad\kraengine\intermediates\krautilities\x86\debug\kramatrix4.obj
c:\users\ivan\documents\uad\kraengine\intermediates\krautilities\x86\debug\kramath.obj
c:\users\ivan\documents\uad\kraengine\intermediates\krautilities\x86\debug\krafrustrum.obj
c:\users\ivan\documents\uad\kraengine\intermediates\krautilities\x86\debug\krabox2d.obj
c:\users\ivan\documents\uad\kraengine\intermediates\krautilities\x86\debug\kraaabb.obj
c:\users\ivan\documents\uad\kraengine\intermediates\krautilities\x86\debug\kaplane.obj
c:\users\ivan\documents\uad\kraengine\lib\x86\krautilitiesd.lib
c:\users\ivan\documents\uad\kraengine\lib\x86\krautilitiesd.exp
c:\users\ivan\documents\uad\kraengine\bin\x86\krautilitiesd.ilk
c:\users\ivan\documents\uad\kraengine\bin\x86\krautilitiesd.dll
c:\users\ivan\documents\uad\kraengine\bin\x86\krautilitiesd.pdb
c:\users\ivan\documents\uad\kraengine\bin/x86/krautilitiesd.pdb
c:\users\ivan\documents\uad\kraengine\bin/x86/krautilitiesd.dll
c:\users\ivan\documents\uad\kraengine\bin/x86/krautilitiesd.ilk
c:\users\ivan\documents\uad\kraengine\intermediates\krautilities\x86\debug\krautilities.tlog\cl.command.1.tlog
c:\users\ivan\documents\uad\kraengine\intermediates\krautilities\x86\debug\krautilities.tlog\cl.read.1.tlog
c:\users\ivan\documents\uad\kraengine\intermediates\krautilities\x86\debug\krautilities.tlog\cl.write.1.tlog
c:\users\ivan\documents\uad\kraengine\intermediates\krautilities\x86\debug\krautilities.tlog\krautilities.write.1u.tlog
c:\users\ivan\documents\uad\kraengine\intermediates\krautilities\x86\debug\krautilities.tlog\link.command.1.tlog
c:\users\ivan\documents\uad\kraengine\intermediates\krautilities\x86\debug\krautilities.tlog\link.read.1.tlog
c:\users\ivan\documents\uad\kraengine\intermediates\krautilities\x86\debug\krautilities.tlog\link.write.1.tlog
