  kraProfiler.cpp
  kaPlane.cpp
  kraAABB.cpp
  kraBox2d.cpp
c:\users\ivan\documents\uad\7mo cuatri\motores\kraengine\krautilities\include\kraPlatformDefines.h(289): warning C4615: #pragma warning: unknown user warning type
c:\users\ivan\documents\uad\7mo cuatri\motores\kraengine\krautilities\include\kraPlatformDefines.h(291): warning C4615: #pragma warning: unknown user warning type
c:\users\ivan\documents\uad\7mo cuatri\motores\kraengine\krautilities\include\kraPlatformDefines.h(293): warning C4615: #pragma warning: unknown user warning type
src\kraBox2d.cpp(7): warning C4100: 'otherBox': unreferenced formal parameter
src\kraBox2d.cpp(8): warning C4100: 'max': unreferenced formal parameter
src\kraBox2d.cpp(8): warning C4100: 'min': unreferenced formal parameter
  kraFrustrum.cpp
  kraMath.cpp
c:\users\ivan\documents\uad\7mo cuatri\motores\kraengine\krautilities\include\kraPlatformDefines.h(289): warning C4615: #pragma warning: unknown user warning type
c:\users\ivan\documents\uad\7mo cuatri\motores\kraengine\krautilities\include\kraPlatformDefines.h(291): warning C4615: #pragma warning: unknown user warning type
c:\users\ivan\documents\uad\7mo cuatri\motores\kraengine\krautilities\include\kraPlatformDefines.h(293): warning C4615: #pragma warning: unknown user warning type
  kraMatrix4.cpp
  kraOOBB.cpp
  kraPlatformMath.cpp
c:\users\ivan\documents\uad\7mo cuatri\motores\kraengine\krautilities\include\kraPlatformDefines.h(289): warning C4615: #pragma warning: unknown user warning type
c:\users\ivan\documents\uad\7mo cuatri\motores\kraengine\krautilities\include\kraPlatformDefines.h(291): warning C4615: #pragma warning: unknown user warning type
c:\users\ivan\documents\uad\7mo cuatri\motores\kraengine\krautilities\include\kraPlatformDefines.h(293): warning C4615: #pragma warning: unknown user warning type
  kraRay.cpp
  kraSphere.cpp
  kraTriangle.cpp
  kraVector2.cpp
c:\users\ivan\documents\uad\7mo cuatri\motores\kraengine\krautilities\include\kraPlatformDefines.h(289): warning C4615: #pragma warning: unknown user warning type
c:\users\ivan\documents\uad\7mo cuatri\motores\kraengine\krautilities\include\kraPlatformDefines.h(291): warning C4615: #pragma warning: unknown user warning type
c:\users\ivan\documents\uad\7mo cuatri\motores\kraengine\krautilities\include\kraPlatformDefines.h(293): warning C4615: #pragma warning: unknown user warning type
  kraVector3.cpp
src\kraVector3.cpp(1): fatal error C1083: Cannot open include file: 'kreVector3.h': No such file or directory
  kraVector4.cpp
c:\users\ivan\documents\uad\7mo cuatri\motores\kraengine\krautilities\include\kraPlatformDefines.h(289): warning C4615: #pragma warning: unknown user warning type
c:\users\ivan\documents\uad\7mo cuatri\motores\kraengine\krautilities\include\kraPlatformDefines.h(291): warning C4615: #pragma warning: unknown user warning type
c:\users\ivan\documents\uad\7mo cuatri\motores\kraengine\krautilities\include\kraPlatformDefines.h(293): warning C4615: #pragma warning: unknown user warning type
src\kraVector4.cpp(158): warning C4239: nonstandard extension used: 'return': conversion from 'kraEngineSDK::Vector4' to 'kraEngineSDK::Vector4 &'
  src\kraVector4.cpp(158): note: A non-const reference may only be bound to an lvalue
  kraWindowsMath.cpp
c:\users\ivan\documents\uad\7mo cuatri\motores\kraengine\krautilities\include\kraPlatformDefines.h(289): warning C4615: #pragma warning: unknown user warning type
c:\users\ivan\documents\uad\7mo cuatri\motores\kraengine\krautilities\include\kraPlatformDefines.h(291): warning C4615: #pragma warning: unknown user warning type
c:\users\ivan\documents\uad\7mo cuatri\motores\kraengine\krautilities\include\kraPlatformDefines.h(293): warning C4615: #pragma warning: unknown user warning type
  Source.cpp
