c:\users\ivan\documents\uad\kraengine\intermediates\krautilities\x86\release\vc141.pdb
c:\users\ivan\documents\uad\kraengine\intermediates\krautilities\x86\release\source.obj
c:\users\ivan\documents\uad\kraengine\intermediates\krautilities\x86\release\krawindowsmath.obj
c:\users\ivan\documents\uad\kraengine\intermediates\krautilities\x86\release\kravector4.obj
c:\users\ivan\documents\uad\kraengine\intermediates\krautilities\x86\release\kravector3.obj
c:\users\ivan\documents\uad\kraengine\intermediates\krautilities\x86\release\kravector2.obj
c:\users\ivan\documents\uad\kraengine\intermediates\krautilities\x86\release\kratriangle.obj
c:\users\ivan\documents\uad\kraengine\intermediates\krautilities\x86\release\krasphere.obj
c:\users\ivan\documents\uad\kraengine\intermediates\krautilities\x86\release\kraray.obj
c:\users\ivan\documents\uad\kraengine\intermediates\krautilities\x86\release\kraplatformmath.obj
c:\users\ivan\documents\uad\kraengine\intermediates\krautilities\x86\release\kraoobb.obj
c:\users\ivan\documents\uad\kraengine\intermediates\krautilities\x86\release\kramatrix4.obj
c:\users\ivan\documents\uad\kraengine\intermediates\krautilities\x86\release\kramath.obj
c:\users\ivan\documents\uad\kraengine\intermediates\krautilities\x86\release\krafrustrum.obj
c:\users\ivan\documents\uad\kraengine\intermediates\krautilities\x86\release\krabox2d.obj
c:\users\ivan\documents\uad\kraengine\intermediates\krautilities\x86\release\kraaabb.obj
c:\users\ivan\documents\uad\kraengine\intermediates\krautilities\x86\release\kaplane.obj
c:\users\ivan\documents\uad\kraengine\lib\x86\krautilities.lib
c:\users\ivan\documents\uad\kraengine\lib\x86\krautilities.exp
c:\users\ivan\documents\uad\kraengine\bin\x86\krautilities.ipdb
c:\users\ivan\documents\uad\kraengine\bin\x86\krautilities.iobj
c:\users\ivan\documents\uad\kraengine\bin\x86\krautilities.dll
c:\users\ivan\documents\uad\kraengine\bin\x86\krautilities.pdb
c:\users\ivan\documents\uad\kraengine\bin/x86/krautilities.pdb
c:\users\ivan\documents\uad\kraengine\bin/x86/krautilities.dll
c:\users\ivan\documents\uad\kraengine\intermediates\krautilities\x86\release\krautilities.tlog\cl.command.1.tlog
c:\users\ivan\documents\uad\kraengine\intermediates\krautilities\x86\release\krautilities.tlog\cl.read.1.tlog
c:\users\ivan\documents\uad\kraengine\intermediates\krautilities\x86\release\krautilities.tlog\cl.write.1.tlog
c:\users\ivan\documents\uad\kraengine\intermediates\krautilities\x86\release\krautilities.tlog\krautilities.write.1u.tlog
c:\users\ivan\documents\uad\kraengine\intermediates\krautilities\x86\release\krautilities.tlog\link.command.1.tlog
c:\users\ivan\documents\uad\kraengine\intermediates\krautilities\x86\release\krautilities.tlog\link.read.1.tlog
c:\users\ivan\documents\uad\kraengine\intermediates\krautilities\x86\release\krautilities.tlog\link.write.1.tlog
