c:\users\ivan\documents\uad\7mo cuatri\motores\kraengine\intermediates\krautilities\x64\debug\vc141.pdb
c:\users\ivan\documents\uad\7mo cuatri\motores\kraengine\intermediates\krautilities\x64\debug\vc141.idb
c:\users\ivan\documents\uad\7mo cuatri\motores\kraengine\intermediates\krautilities\x64\debug\source.obj
c:\users\ivan\documents\uad\7mo cuatri\motores\kraengine\intermediates\krautilities\x64\debug\krawindowsmath.obj
c:\users\ivan\documents\uad\7mo cuatri\motores\kraengine\intermediates\krautilities\x64\debug\kravector4.obj
c:\users\ivan\documents\uad\7mo cuatri\motores\kraengine\intermediates\krautilities\x64\debug\kravector2.obj
c:\users\ivan\documents\uad\7mo cuatri\motores\kraengine\intermediates\krautilities\x64\debug\kratriangle.obj
c:\users\ivan\documents\uad\7mo cuatri\motores\kraengine\intermediates\krautilities\x64\debug\krasphere.obj
c:\users\ivan\documents\uad\7mo cuatri\motores\kraengine\intermediates\krautilities\x64\debug\kraray.obj
c:\users\ivan\documents\uad\7mo cuatri\motores\kraengine\intermediates\krautilities\x64\debug\kraplatformmath.obj
c:\users\ivan\documents\uad\7mo cuatri\motores\kraengine\intermediates\krautilities\x64\debug\kraoobb.obj
c:\users\ivan\documents\uad\7mo cuatri\motores\kraengine\intermediates\krautilities\x64\debug\kramatrix4.obj
c:\users\ivan\documents\uad\7mo cuatri\motores\kraengine\intermediates\krautilities\x64\debug\kramath.obj
c:\users\ivan\documents\uad\7mo cuatri\motores\kraengine\intermediates\krautilities\x64\debug\krafrustrum.obj
c:\users\ivan\documents\uad\7mo cuatri\motores\kraengine\intermediates\krautilities\x64\debug\krabox2d.obj
c:\users\ivan\documents\uad\7mo cuatri\motores\kraengine\intermediates\krautilities\x64\debug\kraaabb.obj
c:\users\ivan\documents\uad\7mo cuatri\motores\kraengine\intermediates\krautilities\x64\debug\kaplane.obj
c:\users\ivan\documents\uad\7mo cuatri\motores\kraengine\intermediates\krautilities\x64\debug\kraprofiler.obj
c:\users\ivan\documents\uad\7mo cuatri\motores\kraengine\intermediates\krautilities\x64\debug\krautilities.tlog\cl.command.1.tlog
c:\users\ivan\documents\uad\7mo cuatri\motores\kraengine\intermediates\krautilities\x64\debug\krautilities.tlog\cl.read.1.tlog
c:\users\ivan\documents\uad\7mo cuatri\motores\kraengine\intermediates\krautilities\x64\debug\krautilities.tlog\cl.write.1.tlog
