<<<<<<< HEAD
﻿  kraWindowsMath.cpp
c:\users\usuario\documents\uad\7mo\motores\kraengine\krautilities\include\kraplatformdefines.h(289): warning C4615: #pragma warning: unknown user warning type
c:\users\usuario\documents\uad\7mo\motores\kraengine\krautilities\include\kraplatformdefines.h(291): warning C4615: #pragma warning: unknown user warning type
c:\users\usuario\documents\uad\7mo\motores\kraengine\krautilities\include\kraplatformdefines.h(293): warning C4615: #pragma warning: unknown user warning type
  LINK : C:\Users\Usuario\Documents\UAD\7mo\Motores\kraEngine\bin/x64/kraUtilitiesd.dll not found or not built by the last incremental link; performing full link
     Creating library C:\Users\Usuario\Documents\UAD\7mo\Motores\kraEngine\lib/x64/kraUtilitiesd.lib and object C:\Users\Usuario\Documents\UAD\7mo\Motores\kraEngine\lib/x64/kraUtilitiesd.exp
  kraUtilities.vcxproj -> C:\Users\Usuario\Documents\UAD\7mo\Motores\kraEngine\bin/x64/kraUtilitiesd.dll
=======
﻿  kraBox2d.cpp
c:\users\ivan\documents\uad\kraengine\krautilities\include\kraplatformdefines.h(289): warning C4615: #pragma warning: unknown user warning type
c:\users\ivan\documents\uad\kraengine\krautilities\include\kraplatformdefines.h(291): warning C4615: #pragma warning: unknown user warning type
c:\users\ivan\documents\uad\kraengine\krautilities\include\kraplatformdefines.h(293): warning C4615: #pragma warning: unknown user warning type
c:\users\ivan\documents\uad\kraengine\krautilities\src\krabox2d.cpp(7): warning C4100: 'otherBox': unreferenced formal parameter
c:\users\ivan\documents\uad\kraengine\krautilities\src\krabox2d.cpp(8): warning C4100: 'max': unreferenced formal parameter
c:\users\ivan\documents\uad\kraengine\krautilities\src\krabox2d.cpp(8): warning C4100: 'min': unreferenced formal parameter
  kraMath.cpp
c:\users\ivan\documents\uad\kraengine\krautilities\include\kraplatformdefines.h(289): warning C4615: #pragma warning: unknown user warning type
c:\users\ivan\documents\uad\kraengine\krautilities\include\kraplatformdefines.h(291): warning C4615: #pragma warning: unknown user warning type
c:\users\ivan\documents\uad\kraengine\krautilities\include\kraplatformdefines.h(293): warning C4615: #pragma warning: unknown user warning type
  kraPlatformMath.cpp
c:\users\ivan\documents\uad\kraengine\krautilities\include\kraplatformdefines.h(289): warning C4615: #pragma warning: unknown user warning type
c:\users\ivan\documents\uad\kraengine\krautilities\include\kraplatformdefines.h(291): warning C4615: #pragma warning: unknown user warning type
c:\users\ivan\documents\uad\kraengine\krautilities\include\kraplatformdefines.h(293): warning C4615: #pragma warning: unknown user warning type
  kraVector2.cpp
c:\users\ivan\documents\uad\kraengine\krautilities\include\kraplatformdefines.h(289): warning C4615: #pragma warning: unknown user warning type
c:\users\ivan\documents\uad\kraengine\krautilities\include\kraplatformdefines.h(291): warning C4615: #pragma warning: unknown user warning type
c:\users\ivan\documents\uad\kraengine\krautilities\include\kraplatformdefines.h(293): warning C4615: #pragma warning: unknown user warning type
c:\users\ivan\documents\uad\kraengine\krautilities\src\kravector2.cpp(153): error C2556: 'kraEngineSDK::Vector2 kraEngineSDK::Vector2::operator +=(const kraEngineSDK::Vector2 &)': overloaded function differs only by return type from 'kraEngineSDK::Vector2 &kraEngineSDK::Vector2::operator +=(const kraEngineSDK::Vector2 &)'
  c:\users\ivan\documents\uad\kraengine\krautilities\include\kravector2.h(188): note: see declaration of 'kraEngineSDK::Vector2::operator +='
c:\users\ivan\documents\uad\kraengine\krautilities\src\kravector2.cpp(153): error C2040: 'kraEngineSDK::Vector2::operator +=': 'kraEngineSDK::Vector2 (const kraEngineSDK::Vector2 &)' differs in levels of indirection from 'kraEngineSDK::Vector2 &(const kraEngineSDK::Vector2 &)'
c:\users\ivan\documents\uad\kraengine\krautilities\src\kravector2.cpp(161): error C2556: 'kraEngineSDK::Vector2 kraEngineSDK::Vector2::operator -=(const kraEngineSDK::Vector2 &)': overloaded function differs only by return type from 'kraEngineSDK::Vector2 &kraEngineSDK::Vector2::operator -=(const kraEngineSDK::Vector2 &)'
  c:\users\ivan\documents\uad\kraengine\krautilities\include\kravector2.h(196): note: see declaration of 'kraEngineSDK::Vector2::operator -='
c:\users\ivan\documents\uad\kraengine\krautilities\src\kravector2.cpp(161): error C2040: 'kraEngineSDK::Vector2::operator -=': 'kraEngineSDK::Vector2 (const kraEngineSDK::Vector2 &)' differs in levels of indirection from 'kraEngineSDK::Vector2 &(const kraEngineSDK::Vector2 &)'
c:\users\ivan\documents\uad\kraengine\krautilities\src\kravector2.cpp(169): error C2556: 'kraEngineSDK::Vector2 kraEngineSDK::Vector2::operator *=(float)': overloaded function differs only by return type from 'kraEngineSDK::Vector2 &kraEngineSDK::Vector2::operator *=(float)'
  c:\users\ivan\documents\uad\kraengine\krautilities\include\kravector2.h(204): note: see declaration of 'kraEngineSDK::Vector2::operator *='
c:\users\ivan\documents\uad\kraengine\krautilities\src\kravector2.cpp(169): error C2040: 'kraEngineSDK::Vector2::operator *=': 'kraEngineSDK::Vector2 (float)' differs in levels of indirection from 'kraEngineSDK::Vector2 &(float)'
c:\users\ivan\documents\uad\kraengine\krautilities\src\kravector2.cpp(177): error C2556: 'kraEngineSDK::Vector2 kraEngineSDK::Vector2::operator *=(const kraEngineSDK::Vector2 &)': overloaded function differs only by return type from 'kraEngineSDK::Vector2 &kraEngineSDK::Vector2::operator *=(const kraEngineSDK::Vector2 &)'
  c:\users\ivan\documents\uad\kraengine\krautilities\include\kravector2.h(212): note: see declaration of 'kraEngineSDK::Vector2::operator *='
c:\users\ivan\documents\uad\kraengine\krautilities\src\kravector2.cpp(177): error C2040: 'kraEngineSDK::Vector2::operator *=': 'kraEngineSDK::Vector2 (const kraEngineSDK::Vector2 &)' differs in levels of indirection from 'kraEngineSDK::Vector2 &(const kraEngineSDK::Vector2 &)'
c:\users\ivan\documents\uad\kraengine\krautilities\src\kravector2.cpp(185): error C2556: 'kraEngineSDK::Vector2 kraEngineSDK::Vector2::operator /=(float)': overloaded function differs only by return type from 'kraEngineSDK::Vector2 &kraEngineSDK::Vector2::operator /=(float)'
  c:\users\ivan\documents\uad\kraengine\krautilities\include\kravector2.h(220): note: see declaration of 'kraEngineSDK::Vector2::operator /='
c:\users\ivan\documents\uad\kraengine\krautilities\src\kravector2.cpp(185): error C2040: 'kraEngineSDK::Vector2::operator /=': 'kraEngineSDK::Vector2 (float)' differs in levels of indirection from 'kraEngineSDK::Vector2 &(float)'
c:\users\ivan\documents\uad\kraengine\krautilities\src\kravector2.cpp(193): error C2556: 'kraEngineSDK::Vector2 kraEngineSDK::Vector2::operator /=(const kraEngineSDK::Vector2 &)': overloaded function differs only by return type from 'kraEngineSDK::Vector2 &kraEngineSDK::Vector2::operator /=(const kraEngineSDK::Vector2 &)'
  c:\users\ivan\documents\uad\kraengine\krautilities\include\kravector2.h(228): note: see declaration of 'kraEngineSDK::Vector2::operator /='
c:\users\ivan\documents\uad\kraengine\krautilities\src\kravector2.cpp(193): error C2040: 'kraEngineSDK::Vector2::operator /=': 'kraEngineSDK::Vector2 (const kraEngineSDK::Vector2 &)' differs in levels of indirection from 'kraEngineSDK::Vector2 &(const kraEngineSDK::Vector2 &)'
  kraVector3.cpp
c:\users\ivan\documents\uad\kraengine\krautilities\include\kraplatformdefines.h(289): warning C4615: #pragma warning: unknown user warning type
c:\users\ivan\documents\uad\kraengine\krautilities\include\kraplatformdefines.h(291): warning C4615: #pragma warning: unknown user warning type
c:\users\ivan\documents\uad\kraengine\krautilities\include\kraplatformdefines.h(293): warning C4615: #pragma warning: unknown user warning type
  kraVector4.cpp
c:\users\ivan\documents\uad\kraengine\krautilities\include\kraplatformdefines.h(289): warning C4615: #pragma warning: unknown user warning type
c:\users\ivan\documents\uad\kraengine\krautilities\include\kraplatformdefines.h(291): warning C4615: #pragma warning: unknown user warning type
c:\users\ivan\documents\uad\kraengine\krautilities\include\kraplatformdefines.h(293): warning C4615: #pragma warning: unknown user warning type
c:\users\ivan\documents\uad\kraengine\krautilities\src\kravector4.cpp(156): error C2556: 'kraEngineSDK::Vector4 kraEngineSDK::Vector4::operator -(void) const': overloaded function differs only by return type from 'kraEngineSDK::Vector4 &kraEngineSDK::Vector4::operator -(void) const'
  c:\users\ivan\documents\uad\kraengine\krautilities\include\kravector4.h(182): note: see declaration of 'kraEngineSDK::Vector4::operator -'
c:\users\ivan\documents\uad\kraengine\krautilities\src\kravector4.cpp(156): error C2040: 'kraEngineSDK::Vector4::operator -': 'kraEngineSDK::Vector4 (void) const' differs in levels of indirection from 'kraEngineSDK::Vector4 &(void) const'
c:\users\ivan\documents\uad\kraengine\krautilities\src\kravector4.cpp(163): error C2556: 'kraEngineSDK::Vector4 kraEngineSDK::Vector4::operator +=(const kraEngineSDK::Vector4 &)': overloaded function differs only by return type from 'kraEngineSDK::Vector4 &kraEngineSDK::Vector4::operator +=(const kraEngineSDK::Vector4 &)'
  c:\users\ivan\documents\uad\kraengine\krautilities\include\kravector4.h(190): note: see declaration of 'kraEngineSDK::Vector4::operator +='
c:\users\ivan\documents\uad\kraengine\krautilities\src\kravector4.cpp(163): error C2040: 'kraEngineSDK::Vector4::operator +=': 'kraEngineSDK::Vector4 (const kraEngineSDK::Vector4 &)' differs in levels of indirection from 'kraEngineSDK::Vector4 &(const kraEngineSDK::Vector4 &)'
c:\users\ivan\documents\uad\kraengine\krautilities\src\kravector4.cpp(172): error C2556: 'kraEngineSDK::Vector4 kraEngineSDK::Vector4::operator -=(const kraEngineSDK::Vector4 &)': overloaded function differs only by return type from 'kraEngineSDK::Vector4 &kraEngineSDK::Vector4::operator -=(const kraEngineSDK::Vector4 &)'
  c:\users\ivan\documents\uad\kraengine\krautilities\include\kravector4.h(198): note: see declaration of 'kraEngineSDK::Vector4::operator -='
c:\users\ivan\documents\uad\kraengine\krautilities\src\kravector4.cpp(172): error C2040: 'kraEngineSDK::Vector4::operator -=': 'kraEngineSDK::Vector4 (const kraEngineSDK::Vector4 &)' differs in levels of indirection from 'kraEngineSDK::Vector4 &(const kraEngineSDK::Vector4 &)'
c:\users\ivan\documents\uad\kraengine\krautilities\src\kravector4.cpp(181): error C2556: 'kraEngineSDK::Vector4 kraEngineSDK::Vector4::operator *=(float)': overloaded function differs only by return type from 'kraEngineSDK::Vector4 &kraEngineSDK::Vector4::operator *=(float)'
  c:\users\ivan\documents\uad\kraengine\krautilities\include\kravector4.h(206): note: see declaration of 'kraEngineSDK::Vector4::operator *='
c:\users\ivan\documents\uad\kraengine\krautilities\src\kravector4.cpp(181): error C2040: 'kraEngineSDK::Vector4::operator *=': 'kraEngineSDK::Vector4 (float)' differs in levels of indirection from 'kraEngineSDK::Vector4 &(float)'
c:\users\ivan\documents\uad\kraengine\krautilities\src\kravector4.cpp(190): error C2556: 'kraEngineSDK::Vector4 kraEngineSDK::Vector4::operator *=(const kraEngineSDK::Vector4 &)': overloaded function differs only by return type from 'kraEngineSDK::Vector4 &kraEngineSDK::Vector4::operator *=(const kraEngineSDK::Vector4 &)'
  c:\users\ivan\documents\uad\kraengine\krautilities\include\kravector4.h(214): note: see declaration of 'kraEngineSDK::Vector4::operator *='
c:\users\ivan\documents\uad\kraengine\krautilities\src\kravector4.cpp(190): error C2040: 'kraEngineSDK::Vector4::operator *=': 'kraEngineSDK::Vector4 (const kraEngineSDK::Vector4 &)' differs in levels of indirection from 'kraEngineSDK::Vector4 &(const kraEngineSDK::Vector4 &)'
c:\users\ivan\documents\uad\kraengine\krautilities\src\kravector4.cpp(199): error C2556: 'kraEngineSDK::Vector4 kraEngineSDK::Vector4::operator /=(float)': overloaded function differs only by return type from 'kraEngineSDK::Vector4 &kraEngineSDK::Vector4::operator /=(float)'
  c:\users\ivan\documents\uad\kraengine\krautilities\include\kravector4.h(222): note: see declaration of 'kraEngineSDK::Vector4::operator /='
c:\users\ivan\documents\uad\kraengine\krautilities\src\kravector4.cpp(199): error C2040: 'kraEngineSDK::Vector4::operator /=': 'kraEngineSDK::Vector4 (float)' differs in levels of indirection from 'kraEngineSDK::Vector4 &(float)'
c:\users\ivan\documents\uad\kraengine\krautilities\src\kravector4.cpp(208): error C2556: 'kraEngineSDK::Vector4 kraEngineSDK::Vector4::operator /=(const kraEngineSDK::Vector4 &)': overloaded function differs only by return type from 'kraEngineSDK::Vector4 &kraEngineSDK::Vector4::operator /=(const kraEngineSDK::Vector4 &)'
  c:\users\ivan\documents\uad\kraengine\krautilities\include\kravector4.h(230): note: see declaration of 'kraEngineSDK::Vector4::operator /='
c:\users\ivan\documents\uad\kraengine\krautilities\src\kravector4.cpp(208): error C2040: 'kraEngineSDK::Vector4::operator /=': 'kraEngineSDK::Vector4 (const kraEngineSDK::Vector4 &)' differs in levels of indirection from 'kraEngineSDK::Vector4 &(const kraEngineSDK::Vector4 &)'
  kraWindowsMath.cpp
c:\users\ivan\documents\uad\kraengine\krautilities\include\kraplatformdefines.h(289): warning C4615: #pragma warning: unknown user warning type
c:\users\ivan\documents\uad\kraengine\krautilities\include\kraplatformdefines.h(291): warning C4615: #pragma warning: unknown user warning type
c:\users\ivan\documents\uad\kraengine\krautilities\include\kraplatformdefines.h(293): warning C4615: #pragma warning: unknown user warning type
  Generating Code...
c:\users\ivan\documents\uad\kraengine\krautilities\src\kravector3.cpp(279): warning C4715: 'kraEngineSDK::Vector3::operator[]': not all control paths return a value
c:\users\ivan\documents\uad\kraengine\krautilities\src\kravector3.cpp(293): warning C4715: 'kraEngineSDK::Vector3::operator[]': not all control paths return a value
c:\users\ivan\documents\uad\kraengine\krautilities\src\kravector3.cpp(307): warning C4715: 'kraEngineSDK::Vector3::component': not all control paths return a value
c:\users\ivan\documents\uad\kraengine\krautilities\src\kravector3.cpp(321): warning C4715: 'kraEngineSDK::Vector3::component': not all control paths return a value
>>>>>>> ccfd12573612010e6cc01d913baf0799a23a4e3f
